{"/mnt/d/SSD/Documentos/Matérias/Web/WebAcademy-T3-Atividades/16-FundamentosTeste/Trab1/src/utils/validations.js": {"path":"/mnt/d/SSD/Documentos/Matérias/Web/WebAcademy-T3-Atividades/16-FundamentosTeste/Trab1/src/utils/validations.js","statementMap":{"0":{"start":{"line":8,"column":4},"end":{"line":8,"column":30}},"1":{"start":{"line":9,"column":23},"end":{"line":9,"column":44}},"2":{"start":{"line":10,"column":4},"end":{"line":11,"column":46}},"3":{"start":{"line":10,"column":27},"end":{"line":10,"column":43}},"4":{"start":{"line":11,"column":9},"end":{"line":11,"column":46}},"5":{"start":{"line":23,"column":16},"end":{"line":29,"column":3}},"6":{"start":{"line":31,"column":25},"end":{"line":31,"column":43}},"7":{"start":{"line":32,"column":2},"end":{"line":33,"column":19}},"8":{"start":{"line":32,"column":60},"end":{"line":32,"column":73}},"9":{"start":{"line":33,"column":7},"end":{"line":33,"column":19}},"10":{"start":{"line":51,"column":14},"end":{"line":51,"column":15}},"11":{"start":{"line":52,"column":2},"end":{"line":54,"column":3}},"12":{"start":{"line":52,"column":15},"end":{"line":52,"column":16}},"13":{"start":{"line":53,"column":4},"end":{"line":53,"column":31}},"14":{"start":{"line":55,"column":2},"end":{"line":55,"column":15}},"15":{"start":{"line":58,"column":0},"end":{"line":58,"column":77}}},"fnMap":{"0":{"name":"firstName","decl":{"start":{"line":7,"column":9},"end":{"line":7,"column":18}},"loc":{"start":{"line":7,"column":29},"end":{"line":12,"column":3}},"line":7},"1":{"name":"verifyStockAvailability","decl":{"start":{"line":22,"column":9},"end":{"line":22,"column":32}},"loc":{"start":{"line":22,"column":51},"end":{"line":34,"column":1}},"line":22},"2":{"name":"calculateTotalPrice","decl":{"start":{"line":50,"column":9},"end":{"line":50,"column":28}},"loc":{"start":{"line":50,"column":39},"end":{"line":56,"column":1}},"line":50}},"branchMap":{"0":{"loc":{"start":{"line":10,"column":4},"end":{"line":11,"column":46}},"type":"if","locations":[{"start":{"line":10,"column":4},"end":{"line":11,"column":46}},{"start":{"line":11,"column":9},"end":{"line":11,"column":46}}],"line":10},"1":{"loc":{"start":{"line":32,"column":2},"end":{"line":33,"column":19}},"type":"if","locations":[{"start":{"line":32,"column":2},"end":{"line":33,"column":19}},{"start":{"line":33,"column":7},"end":{"line":33,"column":19}}],"line":32},"2":{"loc":{"start":{"line":32,"column":6},"end":{"line":32,"column":58}},"type":"binary-expr","locations":[{"start":{"line":32,"column":6},"end":{"line":32,"column":26}},{"start":{"line":32,"column":30},"end":{"line":32,"column":58}}],"line":32}},"s":{"0":5,"1":5,"2":5,"3":1,"4":4,"5":3,"6":3,"7":3,"8":2,"9":1,"10":1,"11":1,"12":1,"13":3,"14":1,"15":1},"f":{"0":5,"1":3,"2":1},"b":{"0":[1,4],"1":[2,1],"2":[3,2]},"_coverageSchema":"1a1c01bbd47fc00a2c39e90264f33305004495a9","hash":"8d5fa125ee9ef8e06b7722c837c1adf6c2c95f08"}
}
